$ next build
Γû▓ Next.js 16.1.1 (Turbopack)

  Creating an optimized production build ...

> Build error occurred
Error: Turbopack build failed with 1 errors:
./components/ui/button.tsx:2:1
Module not found: Can't resolve '@radix-ui/react-slot'
  1 | import * as React from "react"
> 2 | import { Slot } from "@radix-ui/react-slot"
    | ^^^^^^^^^^^^^^^^^^^^^^^^^^^^^^^^^^^^^^^^^^^
  3 | import { cva, type VariantProps } from "class-variance-authority"
  4 | import { cn } from "@/lib/utils"
  5 |



Import traces:
  Client Component Browser:
    ./components/ui/button.tsx [Client Component Browser]
    ./components/landing/cta.tsx [Client Component Browser]
    ./components/landing/cta.tsx [Server Component]
    ./app/page.tsx [Server Component]

  Client Component SSR:
    ./components/ui/button.tsx [Client Component SSR]
    ./components/landing/cta.tsx [Client Component SSR]
    ./components/landing/cta.tsx [Server Component]
    ./app/page.tsx [Server Component]

https://nextjs.org/docs/messages/module-not-found


    at <unknown> (./components/ui/button.tsx:2:1)
    at <unknown> (https://nextjs.org/docs/messages/module-not-found)
error: script "build" exited with code 1
